<?xml version="1.0" encoding="UTF-8"?>
<!-- Generated by org.testng.reporters.JUnitReportReporter -->
<testsuite hostname="CIPL1593QA" failures="0" tests="1" name="com.Rest1.CookiesDEmo" time="2.651" errors="0" timestamp="2024-09-10T11:23:52 IST" skipped="0">
  <testcase classname="com.Rest1.CookiesDEmo" name="testgetCookies" time="2.651"/>
</testsuite> <!-- com.Rest1.CookiesDEmo -->
