<?xml version="1.0" encoding="UTF-8"?>
<!-- Generated by org.testng.reporters.JUnitReportReporter -->
<testsuite hostname="CIPL1593QA" failures="0" tests="1" name="com.http.PutUser" time="0.598" errors="0" timestamp="2024-09-12T19:09:56 IST" skipped="0">
  <testcase classname="com.http.PutUser" name="post_test" time="0.598"/>
</testsuite> <!-- com.http.PutUser -->
