<?xml version="1.0" encoding="UTF-8"?>
<!-- Generated by org.testng.reporters.JUnitReportReporter -->
<testsuite hostname="CIPL1593QA" failures="0" tests="1" name="com.http.DeleteUser" time="0.709" errors="0" timestamp="2024-09-12T19:09:56 IST" skipped="0">
  <testcase classname="com.http.DeleteUser" name="test_deleteuser" time="0.709"/>
</testsuite> <!-- com.http.DeleteUser -->
