<?xml version="1.0" encoding="UTF-8"?>
<!-- Generated by org.testng.reporters.JUnitReportReporter -->
<testsuite hostname="CIPL1593QA" failures="0" tests="1" name="com.Rest1.FakerDataGenerator" time="0.282" errors="0" timestamp="2024-09-12T11:18:37 IST" skipped="0">
  <testcase classname="com.Rest1.FakerDataGenerator" name="testDummydata" time="0.282"/>
</testsuite> <!-- com.Rest1.FakerDataGenerator -->
