<?xml version="1.0" encoding="UTF-8"?>
<!-- Generated by org.testng.reporters.JUnitReportReporter -->
<testsuite hostname="CIPL1593QA" failures="0" tests="1" name="com.Rest1.HeaderDemo" time="2.751" errors="0" timestamp="2024-09-10T12:17:29 IST" skipped="0">
  <testcase classname="com.Rest1.HeaderDemo" name="testgetheader" time="2.751"/>
</testsuite> <!-- com.Rest1.HeaderDemo -->
