<?xml version="1.0" encoding="UTF-8"?>
<!-- Generated by org.testng.reporters.JUnitReportReporter -->
<testsuite hostname="CIPL1593QA" failures="0" tests="1" name="com.Rest1.PathandqueryParameter" time="2.579" errors="0" timestamp="2024-09-11T12:59:41 IST" skipped="0">
  <testcase classname="com.Rest1.PathandqueryParameter" name="testQueryPath" time="2.579"/>
</testsuite> <!-- com.Rest1.PathandqueryParameter -->
