<?xml version="1.0" encoding="UTF-8"?>
<!-- Generated by org.testng.reporters.JUnitReportReporter -->
<testsuite hostname="CIPL1593QA" failures="0" tests="4" name="com.Rest1.HTTPRequest" time="5.058" errors="0" timestamp="2024-09-09T19:38:14 IST" skipped="0">
  <testcase classname="com.Rest1.HTTPRequest" name="getusers" time="3.436"/>
  <testcase classname="com.Rest1.HTTPRequest" name="createUser" time="0.852"/>
  <testcase classname="com.Rest1.HTTPRequest" name="updateuser" time="0.383"/>
  <testcase classname="com.Rest1.HTTPRequest" name="deleteUser" time="0.387"/>
</testsuite> <!-- com.Rest1.HTTPRequest -->
