<?xml version="1.0" encoding="UTF-8"?>
<!-- Generated by org.testng.reporters.JUnitReportReporter -->
<testsuite hostname="CIPL1593QA" failures="0" tests="1" name="com.http.PostUser" time="3.834" errors="0" timestamp="2024-09-12T19:09:56 IST" skipped="0">
  <testcase classname="com.http.PostUser" name="tes_createuser" time="3.834"/>
</testsuite> <!-- com.http.PostUser -->
