<?xml version="1.0" encoding="UTF-8"?>
<!-- Generated by org.testng.reporters.JUnitReportReporter -->
<testsuite hostname="CIPL1593QA" failures="0" tests="1" name="com.pom.Logintest" time="4.449" errors="0" timestamp="2024-08-09T11:42:46 IST" skipped="0">
  <testcase classname="com.pom.Logintest" name="testlogin" time="4.449"/>
  <system-out/>
</testsuite> <!-- com.pom.Logintest -->
