<?xml version="1.0" encoding="UTF-8"?>
<!-- Generated by org.testng.reporters.JUnitReportReporter -->
<testsuite hostname="CIPL1593QA" failures="0" tests="2" name="com.testn.Sampleclass" time="0.004" errors="0" timestamp="2024-08-13T15:54:51 IST" skipped="0">
  <testcase classname="com.testn.Sampleclass" name="test3" time="0.002"/>
  <system-out/>
  <testcase classname="com.testn.Sampleclass" name="test2" time="0.002"/>
  <system-out/>
</testsuite> <!-- com.testn.Sampleclass -->
