<?xml version="1.0" encoding="UTF-8"?>
<!-- Generated by org.testng.reporters.JUnitReportReporter -->
<testsuite hostname="CIPL1593QA" failures="0" tests="2" name="grouping.PaymentTest" time="0.014" errors="0" timestamp="2024-08-14T13:13:51 IST" skipped="0">
  <testcase classname="grouping.PaymentTest" name="Paymentinrupees" time="0.012"/>
  <system-out/>
  <testcase classname="grouping.PaymentTest" name="Paymentindollars" time="0.002"/>
  <system-out/>
</testsuite> <!-- grouping.PaymentTest -->
