<?xml version="1.0" encoding="UTF-8"?>
<!-- Generated by org.testng.reporters.JUnitReportReporter -->
<testsuite hostname="CIPL1593QA" failures="0" tests="1" name="com.assertionclass.Assertclass" time="0.015" errors="0" timestamp="2024-08-13T19:40:15 IST" skipped="0">
  <testcase classname="com.assertionclass.Assertclass" name="Testcase" time="0.015"/>
  <system-out/>
</testsuite> <!-- com.assertionclass.Assertclass -->
