<?xml version="1.0" encoding="UTF-8"?>
<!-- Generated by org.testng.reporters.JUnitReportReporter -->
<testsuite hostname="CIPL1593QA" failures="0" tests="3" name="grouping.Signuptest" time="0.020" errors="0" timestamp="2024-08-14T13:00:44 IST" skipped="0">
  <testcase classname="grouping.Signuptest" name="signupemail" time="0.012"/>
  <system-out/>
  <testcase classname="grouping.Signuptest" name="signuptwitter" time="0.003"/>
  <system-out/>
  <testcase classname="grouping.Signuptest" name="signupfacebook" time="0.005"/>
  <system-out/>
</testsuite> <!-- grouping.Signuptest -->
