<?xml version="1.0" encoding="UTF-8"?>
<!-- Generated by org.testng.reporters.JUnitReportReporter -->
<testsuite hostname="CIPL1593QA" failures="0" tests="2" name="com.testn.AnnotatiomnAll" time="0.017" errors="0" timestamp="2024-08-13T18:33:02 IST" skipped="0">
  <testcase classname="com.testn.AnnotatiomnAll" name="test2" time="0.006"/>
  <system-out/>
  <testcase classname="com.testn.AnnotatiomnAll" name="test1" time="0.011"/>
  <system-out/>
</testsuite> <!-- com.testn.AnnotatiomnAll -->
