<?xml version="1.0" encoding="UTF-8"?>
<!-- Generated by org.testng.reporters.JUnitReportReporter -->
<testsuite hostname="CIPL1593QA" failures="0" tests="6" name="paraamtert.Paramterclass" time="16.311" errors="0" timestamp="2024-08-20T15:24:03 IST" skipped="0">
  <testcase classname="paraamtert.Paramterclass" name="testlogo" time="5.087"/>
  <system-out/>
  <testcase classname="paraamtert.Paramterclass" name="testlogo" time="5.056"/>
  <system-out/>
  <testcase classname="paraamtert.Paramterclass" name="testtitle" time="3.080"/>
  <system-out/>
  <testcase classname="paraamtert.Paramterclass" name="testtitle" time="3.035"/>
  <system-out/>
  <testcase classname="paraamtert.Paramterclass" name="testurl" time="0.026"/>
  <system-out/>
  <testcase classname="paraamtert.Paramterclass" name="testurl" time="0.027"/>
  <system-out/>
</testsuite> <!-- paraamtert.Paramterclass -->
