<?xml version="1.0" encoding="UTF-8"?>
<!-- Generated by org.testng.reporters.JUnitReportReporter -->
<testsuite hostname="CIPL1593QA" failures="0" tests="3" name="grouping.Logintest" time="0.018" errors="0" timestamp="2024-08-14T12:52:31 IST" skipped="0">
  <testcase classname="grouping.Logintest" name="loginbyemail" time="0.013"/>
  <system-out/>
  <testcase classname="grouping.Logintest" name="loginbyfacebook" time="0.002"/>
  <system-out/>
  <testcase classname="grouping.Logintest" name="loginbytwitter" time="0.003"/>
  <system-out/>
</testsuite> <!-- grouping.Logintest -->
