<?xml version="1.0" encoding="UTF-8"?>
<!-- Generated by org.testng.reporters.JUnitReportReporter -->
<testsuite hostname="CIPL1593QA" failures="0" tests="4" name="com.testn.OrangeHrmTest" time="8.407" errors="0" timestamp="2024-08-13T17:42:18 IST" skipped="0">
  <testcase classname="com.testn.OrangeHrmTest" name="openapp" time="3.907"/>
  <system-out/>
  <testcase classname="com.testn.OrangeHrmTest" name="testlogo" time="3.110"/>
  <system-out/>
  <testcase classname="com.testn.OrangeHrmTest" name="testlogin" time="0.863"/>
  <system-out/>
  <testcase classname="com.testn.OrangeHrmTest" name="closeapp" time="0.527"/>
  <system-out/>
</testsuite> <!-- com.testn.OrangeHrmTest -->
