<?xml version="1.0" encoding="UTF-8"?>
<!-- Generated by org.testng.reporters.JUnitReportReporter -->
<testsuite hostname="CIPL1593QA" failures="0" tests="1" name="com.first.Firstclasstest" time="0.013" errors="0" timestamp="2024-08-13T12:48:47 IST" skipped="0">
  <testcase classname="com.first.Firstclasstest" name="testing1" time="0.013"/>
  <system-out/>
</testsuite> <!-- com.first.Firstclasstest -->
