<?xml version="1.0" encoding="UTF-8"?>
<!-- Generated by org.testng.reporters.JUnitReportReporter -->
<testsuite hostname="CIPL1593QA" failures="0" tests="1" name="testCases.LoginTestCase" time="2.073" errors="0" timestamp="2024-08-29T19:34:01 IST" skipped="0">
  <testcase classname="testCases.LoginTestCase" name="verifyloginpage" time="2.073"/>
</testsuite> <!-- testCases.LoginTestCase -->
